<?xml version="1.0" encoding="UTF-8"?>
<!-- Generated by org.testng.reporters.JUnitReportReporter -->
<testsuite hostname="SEVEN-BITS" failures="0" tests="2" name="com.luma.testcases.HomePageTest" time="33.307" errors="0" timestamp="2022-09-17T11:27:51 IST" skipped="0">
  <testcase classname="com.luma.testcases.HomePageTest" name="listPageTest" time="23.345"/>
  <system-out/>
  <testcase classname="com.luma.testcases.HomePageTest" name="homePageTest" time="9.962"/>
  <system-out/>
</testsuite> <!-- com.luma.testcases.HomePageTest -->
