<?xml version="1.0" encoding="UTF-8"?>
<!-- Generated by org.testng.reporters.JUnitReportReporter -->
<testsuite hostname="SEVEN-BITS" failures="0" tests="2" name="com.luma.testcases.RegisterPageTest" time="32.688" errors="0" timestamp="2022-09-16T19:19:11 IST" skipped="0">
  <testcase classname="com.luma.testcases.RegisterPageTest" name="navigate" time="31.219"/>
  <system-out/>
  <testcase classname="com.luma.testcases.RegisterPageTest" name="fillDetails" time="1.469"/>
  <system-out/>
</testsuite> <!-- com.luma.testcases.RegisterPageTest -->
