<?xml version="1.0" encoding="UTF-8"?>
<!-- Generated by org.testng.reporters.JUnitReportReporter -->
<testsuite hostname="SEVEN-BITS" failures="0" tests="3" name="com.luma.testcases.LoginPageTest" time="3.626" errors="0" timestamp="2023-01-30T10:12:34 IST" skipped="0">
  <testcase classname="com.luma.testcases.LoginPageTest" name="verifyLoginTest" time="0.102"/>
  <system-out/>
  <testcase classname="com.luma.testcases.LoginPageTest" name="navTest" time="1.372"/>
  <system-out/>
  <testcase classname="com.luma.testcases.LoginPageTest" name="loginTest" time="2.152"/>
  <system-out/>
</testsuite> <!-- com.luma.testcases.LoginPageTest -->
