<?xml version="1.0" encoding="UTF-8"?>
<!-- Generated by org.testng.reporters.JUnitReportReporter -->
<testsuite hostname="SEVEN-BITS" failures="0" tests="3" name="com.luma.testcases.LoginPageTest" time="3.905" errors="0" timestamp="2022-09-24T19:30:19 IST" skipped="0">
  <testcase classname="com.luma.testcases.LoginPageTest" name="loginTest" time="2.129"/>
  <system-out/>
  <testcase classname="com.luma.testcases.LoginPageTest" name="navTest" time="1.647"/>
  <system-out/>
  <testcase classname="com.luma.testcases.LoginPageTest" name="verifyLoginTest" time="0.129"/>
  <system-out/>
</testsuite> <!-- com.luma.testcases.LoginPageTest -->
