<?xml version="1.0" encoding="UTF-8"?>
<!-- Generated by org.testng.reporters.JUnitReportReporter -->
<testsuite hostname="SEVEN-BITS" failures="0" tests="1" name="com.luma.testcases.HomePageTest" time="28.568" errors="0" timestamp="2023-01-30T18:43:49 IST" skipped="0">
  <testcase classname="com.luma.testcases.HomePageTest" name="listPageTest" time="28.568"/>
  <system-out/>
</testsuite> <!-- com.luma.testcases.HomePageTest -->
