<?xml version="1.0" encoding="UTF-8"?>
<!-- Generated by org.testng.reporters.JUnitReportReporter -->
<testsuite hostname="SEVEN-BITS" failures="0" tests="3" name="com.luma.testcases.LoginPageTest" time="5.992" errors="0" timestamp="2023-01-30T23:34:55 IST" skipped="0">
  <testcase classname="com.luma.testcases.LoginPageTest" name="loginTest" time="4.409"/>
  <system-out/>
  <testcase classname="com.luma.testcases.LoginPageTest" name="navTest" time="1.422"/>
  <system-out/>
  <testcase classname="com.luma.testcases.LoginPageTest" name="verifyLoginTest" time="0.161"/>
  <system-out/>
</testsuite> <!-- com.luma.testcases.LoginPageTest -->
