<?xml version="1.0" encoding="UTF-8"?>
<!-- Generated by org.testng.reporters.JUnitReportReporter -->
<testsuite hostname="SEVEN-BITS" failures="0" tests="3" name="com.luma.testcases.LoginPageTest" time="3.350" errors="0" timestamp="2023-01-30T13:04:17 IST" skipped="0">
  <testcase classname="com.luma.testcases.LoginPageTest" name="navTest" time="1.197"/>
  <system-out/>
  <testcase classname="com.luma.testcases.LoginPageTest" name="loginTest" time="2.091"/>
  <system-out/>
  <testcase classname="com.luma.testcases.LoginPageTest" name="verifyLoginTest" time="0.062"/>
  <system-out/>
</testsuite> <!-- com.luma.testcases.LoginPageTest -->
