<?xml version="1.0" encoding="UTF-8"?>
<!-- Generated by org.testng.reporters.JUnitReportReporter -->
<testsuite hostname="SEVEN-BITS" failures="0" tests="3" name="com.luma.testcases.LoginPageTest" time="3.250" errors="0" timestamp="2023-01-30T15:31:01 IST" skipped="0">
  <testcase classname="com.luma.testcases.LoginPageTest" name="navTest" time="1.288"/>
  <system-out/>
  <testcase classname="com.luma.testcases.LoginPageTest" name="verifyLoginTest" time="0.091"/>
  <system-out/>
  <testcase classname="com.luma.testcases.LoginPageTest" name="loginTest" time="1.871"/>
  <system-out/>
</testsuite> <!-- com.luma.testcases.LoginPageTest -->
