<?xml version="1.0" encoding="UTF-8"?>
<!-- Generated by org.testng.reporters.JUnitReportReporter -->
<testsuite hostname="SEVEN-BITS" failures="0" tests="3" name="com.luma.testcases.LoginPageTest" time="3.888" errors="0" timestamp="2023-01-30T14:43:15 IST" skipped="0">
  <testcase classname="com.luma.testcases.LoginPageTest" name="verifyLoginTest" time="0.066"/>
  <system-out/>
  <testcase classname="com.luma.testcases.LoginPageTest" name="navTest" time="1.511"/>
  <system-out/>
  <testcase classname="com.luma.testcases.LoginPageTest" name="loginTest" time="2.311"/>
  <system-out/>
</testsuite> <!-- com.luma.testcases.LoginPageTest -->
