<?xml version="1.0" encoding="UTF-8"?>
<!-- Generated by org.testng.reporters.JUnitReportReporter -->
<testsuite hostname="SEVEN-BITS" failures="0" tests="1" name="com.luma.testcases.LoginPageTest" time="12.465" errors="0" timestamp="2023-01-31T14:00:09 IST" skipped="0">
  <testcase classname="com.luma.testcases.LoginPageTest" name="loginTest" time="12.465"/>
  <system-out/>
</testsuite> <!-- com.luma.testcases.LoginPageTest -->
