<?xml version="1.0" encoding="UTF-8"?>
<!-- Generated by org.testng.reporters.JUnitReportReporter -->
<testsuite hostname="SEVEN-BITS" failures="0" tests="2" name="com.luma.testcases.RegisterPageTest" time="6.554" errors="0" timestamp="2023-01-30T23:34:55 IST" skipped="0">
  <testcase classname="com.luma.testcases.RegisterPageTest" name="navTest" time="1.424"/>
  <system-out/>
  <testcase classname="com.luma.testcases.RegisterPageTest" name="fillDetailsTest" time="5.130"/>
  <system-out/>
</testsuite> <!-- com.luma.testcases.RegisterPageTest -->
